<?xml version="1.0" encoding="UTF-8"?>
<!-- Generated by org.testng.reporters.JUnitXMLReporter -->
<testsuite ignored="0" hostname="DESKTOP-R4CIO73" failures="1" tests="1" name="Test2" time="2.707" errors="0" timestamp="2022-01-05T11:12:58 EET">
  <testcase classname="TestCases.IP_TC_141" name="navigate_to_Cancel_Admission" time="0.0">
    <failure type="org.testng.TestNGException" message="
Cannot inject @Test annotated Method [navigate_to_Cancel_Admission] with [class java.lang.String].
For more information on native dependency injection please refer to https://testng.org/doc/documentation-main.html#native-dependency-injection">
      <![CDATA[org.testng.TestNGException: 
Cannot inject @Test annotated Method [navigate_to_Cancel_Admission] with [class java.lang.String].
For more information on native dependency injection please refer to https://testng.org/doc/documentation-main.html#native-dependency-injection
at java.base/java.util.ArrayList.forEach(ArrayList.java:1511)
... Removed 26 stack frames]]>
    </failure>
  </testcase> <!-- navigate_to_Cancel_Admission -->
</testsuite> <!-- Test2 -->
