<?xml version="1.0" encoding="UTF-8"?>
<!-- Generated by org.testng.reporters.JUnitXMLReporter -->
<testsuite ignored="0" hostname="DESKTOP-R4CIO73" failures="0" tests="1" name="test" time="4.105" errors="0" timestamp="2022-03-24T13:44:51 EET">
  <testcase classname="TestCases.IP_TC_714" name="@BeforeTest setup" time="3.56">
    <failure type="org.openqa.selenium.SessionNotCreatedException" message="session not created: This version of MSEdgeDriver only supports MSEdge version 97
Current browser version is 99.0.1150.46 with binary path C:\Program Files (x86)\Microsoft\Edge\Application\msedge.exe
Build info: version: &amp;apos;3.141.59&amp;apos;, revision: &amp;apos;e82be7d358&amp;apos;, time: &amp;apos;2018-11-14T08:17:03&amp;apos;
System info: host: &amp;apos;DESKTOP-R4CIO73&amp;apos;, ip: &amp;apos;192.168.1.106&amp;apos;, os.name: &amp;apos;Windows 10&amp;apos;, os.arch: &amp;apos;amd64&amp;apos;, os.version: &amp;apos;10.0&amp;apos;, java.version: &amp;apos;17&amp;apos;
Driver info: driver.version: EdgeDriver
remote stacktrace: Backtrace:
	Microsoft::Applications::Events::EventProperty::EventProperty [0x00007FF6449E6942+360450]
	Microsoft::Applications::Events::EventProperty::to_string [0x00007FF6445EA717+885111]
	Microsoft::Applications::Events::EventProperty::to_string [0x00007FF644615065+1059525]
	Microsoft::Applications::Events::EventProperty::to_string [0x00007FF644611759+1044921]
	Microsoft::Applications::Events::EventProperty::to_string [0x00007FF64460A8D2+1016626]
	Microsoft::Applications::Events::EventProperty::to_string [0x00007FF644646AC8+1262888]
	Microsoft::Applications::Events::EventProperty::to_string [0x00007FF644641A93+1242355]
	Microsoft::Applications::Events::EventProperty::to_string [0x00007FF644616F80+1067488]
	Microsoft::Applications::Events::EventProperty::to_string [0x00007FF6446180A8+1071880]
	Ordinal0 [0x00007FF644475ED3+24275]
	Microsoft::Applications::Events::LogManagerProvider::CreateLogManager [0x00007FF6446F6E97+277031]
	Microsoft::Applications::Events::EventProperty::EventProperty [0x00007FF6448C0F62+2946]
	Microsoft::Applications::Events::LogManagerProvider::CreateLogManager [0x00007FF6446C06DC+53868]
	Microsoft::Applications::Events::EventProperty::EventProperty [0x00007FF6449DBAE3+315811]
	Microsoft::Applications::Events::EventProperty::EventProperty [0x00007FF6449DB424+314084]
	Microsoft::Applications::Events::EventProperty::EventProperty [0x00007FF6449DB26D+313645]
	Microsoft::Applications::Events::EventProperty::EventProperty [0x00007FF644934D83+477603]
	BaseThreadInitThunk [0x00007FFF967C7034+20]
	RtlUserThreadStart [0x00007FFF98442651+33]
">
      <![CDATA[org.openqa.selenium.SessionNotCreatedException: session not created: This version of MSEdgeDriver only supports MSEdge version 97
Current browser version is 99.0.1150.46 with binary path C:\Program Files (x86)\Microsoft\Edge\Application\msedge.exe
Build info: version: '3.141.59', revision: 'e82be7d358', time: '2018-11-14T08:17:03'
System info: host: 'DESKTOP-R4CIO73', ip: '192.168.1.106', os.name: 'Windows 10', os.arch: 'amd64', os.version: '10.0', java.version: '17'
Driver info: driver.version: EdgeDriver
remote stacktrace: Backtrace:
Microsoft::Applications::Events::EventProperty::EventProperty [0x00007FF6449E6942+360450]
Microsoft::Applications::Events::EventProperty::to_string [0x00007FF6445EA717+885111]
Microsoft::Applications::Events::EventProperty::to_string [0x00007FF644615065+1059525]
Microsoft::Applications::Events::EventProperty::to_string [0x00007FF644611759+1044921]
Microsoft::Applications::Events::EventProperty::to_string [0x00007FF64460A8D2+1016626]
Microsoft::Applications::Events::EventProperty::to_string [0x00007FF644646AC8+1262888]
Microsoft::Applications::Events::EventProperty::to_string [0x00007FF644641A93+1242355]
Microsoft::Applications::Events::EventProperty::to_string [0x00007FF644616F80+1067488]
Microsoft::Applications::Events::EventProperty::to_string [0x00007FF6446180A8+1071880]
Ordinal0 [0x00007FF644475ED3+24275]
Microsoft::Applications::Events::LogManagerProvider::CreateLogManager [0x00007FF6446F6E97+277031]
Microsoft::Applications::Events::EventProperty::EventProperty [0x00007FF6448C0F62+2946]
Microsoft::Applications::Events::LogManagerProvider::CreateLogManager [0x00007FF6446C06DC+53868]
Microsoft::Applications::Events::EventProperty::EventProperty [0x00007FF6449DBAE3+315811]
Microsoft::Applications::Events::EventProperty::EventProperty [0x00007FF6449DB424+314084]
Microsoft::Applications::Events::EventProperty::EventProperty [0x00007FF6449DB26D+313645]
Microsoft::Applications::Events::EventProperty::EventProperty [0x00007FF644934D83+477603]
BaseThreadInitThunk [0x00007FFF967C7034+20]
RtlUserThreadStart [0x00007FFF98442651+33]

at org.openqa.selenium.remote.W3CHandshakeResponse.lambda$errorHandler$0(W3CHandshakeResponse.java:62)
at org.openqa.selenium.remote.HandshakeResponse.lambda$getResponseFunction$0(HandshakeResponse.java:30)
at org.openqa.selenium.remote.ProtocolHandshake.lambda$createSession$0(ProtocolHandshake.java:126)
at java.base/java.util.stream.ReferencePipeline$3$1.accept(ReferencePipeline.java:197)
at java.base/java.util.Spliterators$ArraySpliterator.tryAdvance(Spliterators.java:1002)
at java.base/java.util.stream.ReferencePipeline.forEachWithCancel(ReferencePipeline.java:129)
at java.base/java.util.stream.AbstractPipeline.copyIntoWithCancel(AbstractPipeline.java:527)
at java.base/java.util.stream.AbstractPipeline.copyInto(AbstractPipeline.java:513)
at java.base/java.util.stream.AbstractPipeline.wrapAndCopyInto(AbstractPipeline.java:499)
at java.base/java.util.stream.FindOps$FindOp.evaluateSequential(FindOps.java:150)
at java.base/java.util.stream.AbstractPipeline.evaluate(AbstractPipeline.java:234)
at java.base/java.util.stream.ReferencePipeline.findFirst(ReferencePipeline.java:647)
at org.openqa.selenium.remote.ProtocolHandshake.createSession(ProtocolHandshake.java:128)
at org.openqa.selenium.remote.ProtocolHandshake.createSession(ProtocolHandshake.java:74)
at org.openqa.selenium.remote.HttpCommandExecutor.execute(HttpCommandExecutor.java:136)
at org.openqa.selenium.remote.service.DriverCommandExecutor.execute(DriverCommandExecutor.java:83)
at org.openqa.selenium.remote.RemoteWebDriver.execute(RemoteWebDriver.java:552)
at org.openqa.selenium.remote.RemoteWebDriver.startSession(RemoteWebDriver.java:213)
at org.openqa.selenium.remote.RemoteWebDriver.<init>(RemoteWebDriver.java:131)
at org.openqa.selenium.edge.EdgeDriver.<init>(EdgeDriver.java:141)
at org.openqa.selenium.edge.EdgeDriver.<init>(EdgeDriver.java:96)
at TestCases.IP_TC_714.setup(IP_TC_714.java:29)
... Removed 29 stack frames]]>
    </failure>
  </testcase> <!-- @BeforeTest setup -->
  <testcase classname="TestCases.IP_TC_714" name="@AfterTest close" time="-1.648122291671E9">
    <skipped/>
  </testcase> <!-- @AfterTest close -->
  <testcase classname="TestCases.IP_TC_714" name="navigate_to_Prescribe_Medications" time="0.0">
    <skipped/>
  </testcase> <!-- navigate_to_Prescribe_Medications -->
</testsuite> <!-- test -->
