<?xml version="1.0" encoding="UTF-8"?>
<testng-results ignored="0" total="1" passed="1" failed="0" skipped="0">
  <reporter-output>
  </reporter-output>
  <suite started-at="2022-03-27T10:42:15 EET" name="Suite" finished-at="2022-03-27T10:45:04 EET" duration-ms="169520">
    <groups>
    </groups>
    <test started-at="2022-03-27T10:42:15 EET" name="test" finished-at="2022-03-27T10:45:04 EET" duration-ms="169520">
      <class name="TestCases.IP_TC_140">
        <test-method is-config="true" signature="setup()[pri:0, instance:TestCases.IP_TC_140@c33b74f]" started-at="2022-03-27T10:42:15 EET" name="setup" finished-at="2022-03-27T10:42:19 EET" duration-ms="3965" status="PASS">
          <reporter-output>
          </reporter-output>
        </test-method> <!-- setup -->
        <test-method signature="navigate_to_CMO_Admit_and_Register_Patient()[pri:0, instance:TestCases.IP_TC_140@c33b74f]" started-at="2022-03-27T10:42:19 EET" name="navigate_to_CMO_Admit_and_Register_Patient" finished-at="2022-03-27T10:45:04 EET" duration-ms="165497" status="PASS">
          <reporter-output>
          </reporter-output>
        </test-method> <!-- navigate_to_CMO_Admit_and_Register_Patient -->
        <test-method is-config="true" signature="close_browser()[pri:0, instance:TestCases.IP_TC_140@c33b74f]" started-at="2022-03-27T10:45:04 EET" name="close_browser" finished-at="2022-03-27T10:45:04 EET" duration-ms="1" status="PASS">
          <reporter-output>
          </reporter-output>
        </test-method> <!-- close_browser -->
      </class> <!-- TestCases.IP_TC_140 -->
    </test> <!-- test -->
  </suite> <!-- Suite -->
</testng-results>
